2026-04-11 01:07:29 │ WARNING  │ cryodaq.launcher │ Порт 5555 занят, но CryoDAQ engine не отвечает — запускаем новый
2026-04-11 01:07:29 │ INFO     │ cryodaq.launcher │ Stale lock file — proceeding with engine start
2026-04-11 01:07:29 │ INFO     │ cryodaq.launcher │ Запуск engine как подпроцесса...
2026-04-11 01:07:29 │ INFO     │ cryodaq.launcher │ Engine запущен, PID=60805
2026-04-11 01:07:30 │ INFO     │ cryodaq.launcher │ Engine ready (attempt 1/10)
2026-04-11 01:07:30 │ INFO     │ cryodaq.gui.zmq_client │ ZMQ bridge subprocess started (PID=60829)
2026-04-11 01:07:30 │ INFO     │ cryodaq.core.channel_manager │ Загружена конфигурация каналов: /Users/vladimir/Projects/cryodaq/config/channels.yaml
2026-04-11 01:08:27 │ WARNING  │ cryodaq.launcher │ Engine crashed (code=1). Restart attempt 1/5 in 3s.
2026-04-11 01:08:32 │ WARNING  │ cryodaq.launcher │ Порт 5555 занят, но CryoDAQ engine не отвечает — запускаем новый
2026-04-11 01:08:32 │ INFO     │ cryodaq.launcher │ Запуск engine как подпроцесса...
2026-04-11 01:08:32 │ INFO     │ cryodaq.launcher │ Engine запущен, PID=61124
2026-04-11 01:08:39 │ INFO     │ cryodaq.core.channel_manager │ Конфигурация каналов сохранена: /Users/vladimir/Projects/cryodaq/config/channels.yaml
2026-04-11 01:08:39 │ INFO     │ cryodaq.gui.widgets.channel_editor │ Конфигурация каналов сохранена
2026-04-11 01:09:30 │ WARNING  │ cryodaq.launcher │ Engine crashed (code=1). Restart attempt 2/5 in 10s.
2026-04-11 01:09:42 │ WARNING  │ cryodaq.launcher │ Порт 5555 занят, но CryoDAQ engine не отвечает — запускаем новый
2026-04-11 01:09:42 │ INFO     │ cryodaq.launcher │ Запуск engine как подпроцесса...
2026-04-11 01:09:42 │ INFO     │ cryodaq.launcher │ Engine запущен, PID=61483
2026-04-11 01:10:39 │ WARNING  │ cryodaq.launcher │ Engine crashed (code=1). Restart attempt 3/5 in 30s.
2026-04-11 01:11:11 │ WARNING  │ cryodaq.launcher │ Порт 5555 занят, но CryoDAQ engine не отвечает — запускаем новый
2026-04-11 01:11:11 │ INFO     │ cryodaq.launcher │ Запуск engine как подпроцесса...
2026-04-11 01:11:11 │ INFO     │ cryodaq.launcher │ Engine запущен, PID=61917
2026-04-11 01:11:13 │ INFO     │ cryodaq.gui.zmq_client │ ZMQ bridge subprocess stopped
2026-04-11 01:11:13 │ INFO     │ cryodaq.launcher │ Остановка engine (PID=61917)...
2026-04-11 01:11:13 │ INFO     │ cryodaq.launcher │ Engine остановлен
2026-04-11 01:14:09 │ WARNING  │ cryodaq.launcher │ Порт 5555 занят, но CryoDAQ engine не отвечает — запускаем новый
2026-04-11 01:14:09 │ INFO     │ cryodaq.launcher │ Stale lock file — proceeding with engine start
2026-04-11 01:14:09 │ INFO     │ cryodaq.launcher │ Запуск engine как подпроцесса...
2026-04-11 01:14:09 │ INFO     │ cryodaq.launcher │ Engine запущен, PID=62775
2026-04-11 01:14:10 │ INFO     │ cryodaq.launcher │ Engine ready (attempt 1/10)
2026-04-11 01:14:10 │ INFO     │ cryodaq.gui.zmq_client │ ZMQ bridge subprocess started (PID=62776)
2026-04-11 01:14:10 │ INFO     │ cryodaq.core.channel_manager │ Загружена конфигурация каналов: /Users/vladimir/Projects/cryodaq/config/channels.yaml
2026-04-11 01:14:14 │ INFO     │ cryodaq.gui.widgets.overview_panel │ Overview 'Всё' preset: from=1775859250 to=1775859255 duration=1.0min source=engine_uptime hours=1
2026-04-11 01:14:15 │ INFO     │ cryodaq.gui.widgets.overview_panel │ Overview 'Всё' preset: from=1775859250 to=1775859256 duration=1.0min source=engine_uptime hours=1
2026-04-11 01:14:19 │ INFO     │ cryodaq.gui.widgets.overview_panel │ Overview 'Всё' preset: from=1775859250 to=1775859260 duration=1.0min source=engine_uptime hours=1
2026-04-11 01:14:20 │ INFO     │ cryodaq.gui.widgets.overview_panel │ Overview 'Всё' preset: from=1775859250 to=1775859260 duration=1.0min source=engine_uptime hours=1
2026-04-11 01:14:20 │ INFO     │ cryodaq.gui.widgets.overview_panel │ Overview 'Всё' preset: from=1775859250 to=1775859260 duration=1.0min source=engine_uptime hours=1
2026-04-11 01:14:20 │ INFO     │ cryodaq.gui.widgets.overview_panel │ Overview 'Всё' preset: from=1775859250 to=1775859261 duration=1.0min source=engine_uptime hours=1
2026-04-11 01:14:20 │ INFO     │ cryodaq.gui.widgets.overview_panel │ Overview 'Всё' preset: from=1775859250 to=1775859261 duration=1.0min source=engine_uptime hours=1
2026-04-11 01:15:07 │ WARNING  │ cryodaq.launcher │ Engine crashed (code=1). Restart attempt 1/5 in 3s.
2026-04-11 01:15:12 │ WARNING  │ cryodaq.launcher │ Порт 5555 занят, но CryoDAQ engine не отвечает — запускаем новый
2026-04-11 01:15:12 │ INFO     │ cryodaq.launcher │ Запуск engine как подпроцесса...
2026-04-11 01:15:12 │ INFO     │ cryodaq.launcher │ Engine запущен, PID=63094
2026-04-11 01:16:09 │ WARNING  │ cryodaq.launcher │ Engine crashed (code=1). Restart attempt 2/5 in 10s.
2026-04-11 01:16:22 │ WARNING  │ cryodaq.launcher │ Порт 5555 занят, но CryoDAQ engine не отвечает — запускаем новый
2026-04-11 01:16:22 │ INFO     │ cryodaq.launcher │ Запуск engine как подпроцесса...
2026-04-11 01:16:22 │ INFO     │ cryodaq.launcher │ Engine запущен, PID=63434
2026-04-11 01:17:18 │ WARNING  │ cryodaq.launcher │ Engine crashed (code=1). Restart attempt 3/5 in 30s.
2026-04-11 01:17:51 │ WARNING  │ cryodaq.launcher │ Порт 5555 занят, но CryoDAQ engine не отвечает — запускаем новый
2026-04-11 01:17:51 │ INFO     │ cryodaq.launcher │ Запуск engine как подпроцесса...
2026-04-11 01:17:51 │ INFO     │ cryodaq.launcher │ Engine запущен, PID=63870
2026-04-11 01:18:48 │ WARNING  │ cryodaq.launcher │ Engine crashed (code=1). Restart attempt 4/5 in 60s.
2026-04-11 01:19:51 │ WARNING  │ cryodaq.launcher │ Порт 5555 занят, но CryoDAQ engine не отвечает — запускаем новый
2026-04-11 01:19:51 │ INFO     │ cryodaq.launcher │ Запуск engine как подпроцесса...
2026-04-11 01:19:51 │ INFO     │ cryodaq.launcher │ Engine запущен, PID=64454
2026-04-11 01:20:48 │ WARNING  │ cryodaq.launcher │ Engine crashed (code=1). Restart attempt 5/5 in 120s.
2026-04-11 01:22:51 │ WARNING  │ cryodaq.launcher │ Порт 5555 занят, но CryoDAQ engine не отвечает — запускаем новый
2026-04-11 01:22:51 │ INFO     │ cryodaq.launcher │ Запуск engine как подпроцесса...
2026-04-11 01:22:51 │ INFO     │ cryodaq.launcher │ Engine запущен, PID=65326
2026-04-11 01:23:48 │ CRITICAL │ cryodaq.launcher │ Engine crashed 5 times in succession (last code=1). Surrendering auto-restart.
2026-04-11 15:23:32 │ WARNING  │ cryodaq.launcher │ ZMQ bridge not healthy (no heartbeat), restarting...
2026-04-11 15:23:35 │ WARNING  │ cryodaq.gui.zmq_client │ ZMQ bridge subprocess did not exit, killing
2026-04-11 15:23:35 │ INFO     │ cryodaq.gui.zmq_client │ ZMQ bridge subprocess stopped
2026-04-11 15:23:35 │ INFO     │ cryodaq.gui.zmq_client │ ZMQ bridge subprocess started (PID=17984)
2026-04-11 15:23:58 │ WARNING  │ cryodaq.gui.zmq_client │ ZMQ bridge subprocess did not exit, killing
2026-04-11 15:23:58 │ INFO     │ cryodaq.gui.zmq_client │ ZMQ bridge subprocess stopped
2026-04-11 15:54:28 │ WARNING  │ cryodaq.launcher │ Порт 5555 занят, но CryoDAQ engine не отвечает — запускаем новый
2026-04-11 15:54:28 │ INFO     │ cryodaq.launcher │ Запуск engine как подпроцесса...
2026-04-11 15:54:28 │ INFO     │ cryodaq.launcher │ Engine запущен, PID=27601
2026-04-11 15:54:28 │ INFO     │ cryodaq.launcher │ Engine ready (attempt 1/10)
2026-04-11 15:54:28 │ INFO     │ cryodaq.gui.zmq_client │ ZMQ bridge subprocess started (PID=27602)
2026-04-11 15:54:28 │ INFO     │ cryodaq.core.channel_manager │ Загружена конфигурация каналов: /Users/vladimir/Projects/cryodaq/config/channels.yaml
2026-04-11 15:55:26 │ WARNING  │ cryodaq.launcher │ Engine crashed (code=1). Restart attempt 1/5 in 3s.
2026-04-11 15:55:31 │ WARNING  │ cryodaq.launcher │ Порт 5555 занят, но CryoDAQ engine не отвечает — запускаем новый
2026-04-11 15:55:31 │ INFO     │ cryodaq.launcher │ Запуск engine как подпроцесса...
2026-04-11 15:55:31 │ INFO     │ cryodaq.launcher │ Engine запущен, PID=27928
2026-04-11 15:56:28 │ WARNING  │ cryodaq.launcher │ Engine crashed (code=1). Restart attempt 2/5 in 10s.
2026-04-11 15:56:39 │ INFO     │ cryodaq.gui.zmq_client │ ZMQ bridge subprocess stopped
2026-04-11 18:14:09 │ WARNING  │ cryodaq.launcher │ Порт 5555 занят, но CryoDAQ engine не отвечает — запускаем новый
2026-04-11 18:14:09 │ INFO     │ cryodaq.launcher │ Запуск engine как подпроцесса...
2026-04-11 18:14:09 │ INFO     │ cryodaq.launcher │ Engine запущен, PID=68453
2026-04-11 18:14:09 │ INFO     │ cryodaq.launcher │ Engine ready (attempt 1/10)
2026-04-11 18:14:09 │ INFO     │ cryodaq.gui.zmq_client │ ZMQ bridge subprocess started (PID=68462)
2026-04-11 18:14:09 │ INFO     │ cryodaq.core.channel_manager │ Загружена конфигурация каналов: /Users/vladimir/Projects/cryodaq/config/channels.yaml
2026-04-11 18:15:07 │ WARNING  │ cryodaq.launcher │ Engine crashed (code=1). Restart attempt 1/5 in 3s.
2026-04-11 18:15:12 │ WARNING  │ cryodaq.launcher │ Порт 5555 занят, но CryoDAQ engine не отвечает — запускаем новый
2026-04-11 18:15:12 │ INFO     │ cryodaq.launcher │ Запуск engine как подпроцесса...
2026-04-11 18:15:12 │ INFO     │ cryodaq.launcher │ Engine запущен, PID=68765
2026-04-11 18:16:09 │ WARNING  │ cryodaq.launcher │ Engine crashed (code=1). Restart attempt 2/5 in 10s.
2026-04-11 18:16:22 │ WARNING  │ cryodaq.launcher │ Порт 5555 занят, но CryoDAQ engine не отвечает — запускаем новый
2026-04-11 18:16:22 │ INFO     │ cryodaq.launcher │ Запуск engine как подпроцесса...
2026-04-11 18:16:22 │ INFO     │ cryodaq.launcher │ Engine запущен, PID=69133
2026-04-11 18:17:18 │ WARNING  │ cryodaq.launcher │ Engine crashed (code=1). Restart attempt 3/5 in 30s.
2026-04-11 18:17:51 │ WARNING  │ cryodaq.launcher │ Порт 5555 занят, но CryoDAQ engine не отвечает — запускаем новый
2026-04-11 18:17:51 │ INFO     │ cryodaq.launcher │ Запуск engine как подпроцесса...
2026-04-11 18:17:51 │ INFO     │ cryodaq.launcher │ Engine запущен, PID=69572
2026-04-11 18:18:48 │ WARNING  │ cryodaq.launcher │ Engine crashed (code=1). Restart attempt 4/5 in 60s.
2026-04-11 18:19:11 │ INFO     │ cryodaq.gui.zmq_client │ ZMQ bridge subprocess stopped
